<?xml version="1.0" encoding="UTF-8"?>
<testng-results skipped="0" failed="0" ignored="0" total="1" passed="1">
  <reporter-output>
  </reporter-output>
  <suite name="Default suite" duration-ms="6666" started-at="2022-06-13T21:04:53 CDT" finished-at="2022-06-13T21:05:00 CDT">
    <groups>
    </groups>
    <test name="Default test" duration-ms="6666" started-at="2022-06-13T21:04:53 CDT" finished-at="2022-06-13T21:05:00 CDT">
      <class name="test.AddContactTest">
        <test-method status="PASS" signature="userShouldBeAbleToAddCustomer()[pri:0, instance:test.AddContactTest@1d29cf23]" name="userShouldBeAbleToAddCustomer" duration-ms="6642" started-at="2022-06-13T21:04:53 CDT" finished-at="2022-06-13T21:05:00 CDT">
          <reporter-output>
          </reporter-output>
        </test-method> <!-- userShouldBeAbleToAddCustomer -->
      </class> <!-- test.AddContactTest -->
    </test> <!-- Default test -->
  </suite> <!-- Default suite -->
</testng-results>
